<?xml version="1.0" encoding="UTF-8"?>
<testng-results skipped="0" failed="0" total="1" passed="1">
  <reporter-output>
    <line>
      <![CDATA[Maven Practise working fine]]>
    </line>
  </reporter-output>
  <suite name="Suite" duration-ms="17040" started-at="2019-06-06T11:03:10Z" finished-at="2019-06-06T11:03:27Z">
    <groups>
    </groups>
    <test name="Test" duration-ms="17040" started-at="2019-06-06T11:03:10Z" finished-at="2019-06-06T11:03:27Z">
      <class name="mavennewproject.MavenNewProject">
        <test-method status="PASS" signature="mavenproject()[pri:0, instance:mavennewproject.MavenNewProject@6767c1fc]" name="mavenproject" duration-ms="16957" started-at="2019-06-06T16:33:10Z" finished-at="2019-06-06T16:33:27Z">
          <reporter-output>
            <line>
              <![CDATA[Maven Practise working fine]]>
            </line>
          </reporter-output>
        </test-method> <!-- mavenproject -->
      </class> <!-- mavennewproject.MavenNewProject -->
    </test> <!-- Test -->
  </suite> <!-- Suite -->
</testng-results>
